# JRE version: Java(TM) SE Runtime Environment (8.0_111-b14) (build 1.8.0_111-b14)
# Java VM: Java HotSpot(TM) 64-Bit Server VM (25.111-b14 mixed mode windows-amd64 compressed oops)
Heap:
 PSYoungGen      total 109568K, used 9160K [0x00000000d5f00000, 0x00000000ddf80000, 0x0000000100000000)
  eden space 101888K, 1% used [0x00000000d5f00000,0x00000000d60bff98,0x00000000dc280000)
  from space 7680K, 95% used [0x00000000dd800000,0x00000000ddf32368,0x00000000ddf80000)
  to   space 13312K, 0% used [0x00000000dc580000,0x00000000dc580000,0x00000000dd280000)
 ParOldGen       total 92160K, used 16687K [0x0000000081c00000, 0x0000000087600000, 0x00000000d5f00000)
  object space 92160K, 18% used [0x0000000081c00000,0x0000000082c4bc50,0x0000000087600000)
 Metaspace       used 40850K, capacity 42104K, committed 42368K, reserved 1085440K
  class space    used 5404K, capacity 5670K, committed 5760K, reserved 1048576K
GC Heap History (10 events):
Event: 9.468 GC heap before
{Heap before GC invocations=8 (full 1):
 PSYoungGen      total 60416K, used 55710K [0x00000000d5f00000, 0x00000000da480000, 0x0000000100000000)
  eden space 52736K, 100% used [0x00000000d5f00000,0x00000000d9280000,0x00000000d9280000)
  from space 7680K, 38% used [0x00000000d9d00000,0x00000000d9fe7be0,0x00000000da480000)
  to   space 9216K, 0% used [0x00000000d9280000,0x00000000d9280000,0x00000000d9b80000)
 ParOldGen       total 57856K, used 7706K [0x0000000081c00000, 0x0000000085480000, 0x00000000d5f00000)
  object space 57856K, 13% used [0x0000000081c00000,0x0000000082386b70,0x0000000085480000)
 Metaspace       used 28584K, capacity 29508K, committed 29568K, reserved 1075200K
  class space    used 3713K, capacity 3914K, committed 3968K, reserved 1048576K
Event: 9.483 GC heap after
Heap after GC invocations=8 (full 1):
 PSYoungGen      total 61952K, used 9193K [0x00000000d5f00000, 0x00000000dc680000, 0x0000000100000000)
  eden space 52736K, 0% used [0x00000000d5f00000,0x00000000d5f00000,0x00000000d9280000)
  from space 9216K, 99% used [0x00000000d9280000,0x00000000d9b7a698,0x00000000d9b80000)
  to   space 11264K, 0% used [0x00000000dbb80000,0x00000000dbb80000,0x00000000dc680000)
 ParOldGen       total 57856K, used 8951K [0x0000000081c00000, 0x0000000085480000, 0x00000000d5f00000)
  object space 57856K, 15% used [0x0000000081c00000,0x00000000824bdf30,0x0000000085480000)
 Metaspace       used 28584K, capacity 29508K, committed 29568K, reserved 1075200K
  class space    used 3713K, capacity 3914K, committed 3968K, reserved 1048576K
}
Event: 10.743 GC heap before
{Heap before GC invocations=9 (full 1):
 PSYoungGen      total 61952K, used 61929K [0x00000000d5f00000, 0x00000000dc680000, 0x0000000100000000)
  eden space 52736K, 100% used [0x00000000d5f00000,0x00000000d9280000,0x00000000d9280000)
  from space 9216K, 99% used [0x00000000d9280000,0x00000000d9b7a698,0x00000000d9b80000)
  to   space 11264K, 0% used [0x00000000dbb80000,0x00000000dbb80000,0x00000000dc680000)
 ParOldGen       total 57856K, used 8951K [0x0000000081c00000, 0x0000000085480000, 0x00000000d5f00000)
  object space 57856K, 15% used [0x0000000081c00000,0x00000000824bdf30,0x0000000085480000)
 Metaspace       used 30835K, capacity 31968K, committed 32256K, reserved 1077248K
  class space    used 4002K, capacity 4238K, committed 4352K, reserved 1048576K
Event: 10.753 GC heap after
Heap after GC invocations=9 (full 1):
 PSYoungGen      total 93184K, used 10668K [0x00000000d5f00000, 0x00000000dc900000, 0x0000000100000000)
  eden space 81920K, 0% used [0x00000000d5f00000,0x00000000d5f00000,0x00000000daf00000)
  from space 11264K, 94% used [0x00000000dbb80000,0x00000000dc5eb298,0x00000000dc680000)
  to   space 12800K, 0% used [0x00000000daf00000,0x00000000daf00000,0x00000000dbb80000)
 ParOldGen       total 57856K, used 8959K [0x0000000081c00000, 0x0000000085480000, 0x00000000d5f00000)
  object space 57856K, 15% used [0x0000000081c00000,0x00000000824bff30,0x0000000085480000)
 Metaspace       used 30835K, capacity 31968K, committed 32256K, reserved 1077248K
  class space    used 4002K, capacity 4238K, committed 4352K, reserved 1048576K
}
Event: 12.148 GC heap before
{Heap before GC invocations=10 (full 1):
 PSYoungGen      total 93184K, used 42898K [0x00000000d5f00000, 0x00000000dc900000, 0x0000000100000000)
  eden space 81920K, 39% used [0x00000000d5f00000,0x00000000d7e79928,0x00000000daf00000)
  from space 11264K, 94% used [0x00000000dbb80000,0x00000000dc5eb298,0x00000000dc680000)
  to   space 12800K, 0% used [0x00000000daf00000,0x00000000daf00000,0x00000000dbb80000)
 ParOldGen       total 57856K, used 8959K [0x0000000081c00000, 0x0000000085480000, 0x00000000d5f00000)
  object space 57856K, 15% used [0x0000000081c00000,0x00000000824bff30,0x0000000085480000)
 Metaspace       used 34148K, capacity 35342K, committed 35416K, reserved 1081344K
  class space    used 4353K, capacity 4595K, committed 4608K, reserved 1048576K
Event: 12.160 GC heap after
Heap after GC invocations=10 (full 1):
 PSYoungGen      total 94720K, used 10413K [0x00000000d5f00000, 0x00000000de580000, 0x0000000100000000)
  eden space 81920K, 0% used [0x00000000d5f00000,0x00000000d5f00000,0x00000000daf00000)
  from space 12800K, 81% used [0x00000000daf00000,0x00000000db92b6c0,0x00000000dbb80000)
  to   space 13824K, 0% used [0x00000000dd800000,0x00000000dd800000,0x00000000de580000)
 ParOldGen       total 57856K, used 10801K [0x0000000081c00000, 0x0000000085480000, 0x00000000d5f00000)
  object space 57856K, 18% used [0x0000000081c00000,0x000000008268c668,0x0000000085480000)
 Metaspace       used 34148K, capacity 35342K, committed 35416K, reserved 1081344K
  class space    used 4353K, capacity 4595K, committed 4608K, reserved 1048576K
}
Event: 12.160 GC heap before
{Heap before GC invocations=11 (full 2):
 PSYoungGen      total 94720K, used 10413K [0x00000000d5f00000, 0x00000000de580000, 0x0000000100000000)
  eden space 81920K, 0% used [0x00000000d5f00000,0x00000000d5f00000,0x00000000daf00000)
  from space 12800K, 81% used [0x00000000daf00000,0x00000000db92b6c0,0x00000000dbb80000)
  to   space 13824K, 0% used [0x00000000dd800000,0x00000000dd800000,0x00000000de580000)
 ParOldGen       total 57856K, used 10801K [0x0000000081c00000, 0x0000000085480000, 0x00000000d5f00000)
  object space 57856K, 18% used [0x0000000081c00000,0x000000008268c668,0x0000000085480000)
 Metaspace       used 34148K, capacity 35342K, committed 35416K, reserved 1081344K
  class space    used 4353K, capacity 4595K, committed 4608K, reserved 1048576K
Event: 12.250 GC heap after
Heap after GC invocations=11 (full 2):
 PSYoungGen      total 94720K, used 0K [0x00000000d5f00000, 0x00000000de580000, 0x0000000100000000)
  eden space 81920K, 0% used [0x00000000d5f00000,0x00000000d5f00000,0x00000000daf00000)
  from space 12800K, 0% used [0x00000000daf00000,0x00000000daf00000,0x00000000dbb80000)
  to   space 13824K, 0% used [0x00000000dd800000,0x00000000dd800000,0x00000000de580000)
 ParOldGen       total 92160K, used 16679K [0x0000000081c00000, 0x0000000087600000, 0x00000000d5f00000)
  object space 92160K, 18% used [0x0000000081c00000,0x0000000082c49c50,0x0000000087600000)
 Metaspace       used 34148K, capacity 35342K, committed 35416K, reserved 1081344K
  class space    used 4353K, capacity 4595K, committed 4608K, reserved 1048576K
}
Event: 23.279 GC heap before
{Heap before GC invocations=12 (full 2):
 PSYoungGen      total 94720K, used 81920K [0x00000000d5f00000, 0x00000000de580000, 0x0000000100000000)
  eden space 81920K, 100% used [0x00000000d5f00000,0x00000000daf00000,0x00000000daf00000)
  from space 12800K, 0% used [0x00000000daf00000,0x00000000daf00000,0x00000000dbb80000)
  to   space 13824K, 0% used [0x00000000dd800000,0x00000000dd800000,0x00000000de580000)
 ParOldGen       total 92160K, used 16679K [0x0000000081c00000, 0x0000000087600000, 0x00000000d5f00000)
  object space 92160K, 18% used [0x0000000081c00000,0x0000000082c49c50,0x0000000087600000)
 Metaspace       used 40824K, capacity 42104K, committed 42368K, reserved 1085440K
  class space    used 5401K, capacity 5670K, committed 5760K, reserved 1048576K
Event: 23.302 GC heap after
Heap after GC invocations=12 (full 2):
 PSYoungGen      total 109568K, used 7368K [0x00000000d5f00000, 0x00000000ddf80000, 0x0000000100000000)
  eden space 101888K, 0% used [0x00000000d5f00000,0x00000000d5f00000,0x00000000dc280000)
  from space 7680K, 95% used [0x00000000dd800000,0x00000000ddf32368,0x00000000ddf80000)
  to   space 13312K, 0% used [0x00000000dc580000,0x00000000dc580000,0x00000000dd280000)
 ParOldGen       total 92160K, used 16687K [0x0000000081c00000, 0x0000000087600000, 0x00000000d5f00000)
  object space 92160K, 18% used [0x0000000081c00000,0x0000000082c4bc50,0x0000000087600000)
 Metaspace       used 40824K, capacity 42104K, committed 42368K, reserved 1085440K
  class space    used 5401K, capacity 5670K, committed 5760K, reserved 1048576K
}

