# JRE version: Java(TM) SE Runtime Environment (8.0_111-b14) (build 1.8.0_111-b14)
# Java VM: Java HotSpot(TM) 64-Bit Server VM (25.111-b14 mixed mode windows-amd64 compressed oops)
Heap:
 PSYoungGen      total 61952K, used 44680K [0x00000000d5f00000, 0x00000000da600000, 0x0000000100000000)
  eden space 54272K, 74% used [0x00000000d5f00000,0x00000000d8655508,0x00000000d9400000)
  from space 7680K, 57% used [0x00000000d9e80000,0x00000000da2ccde0,0x00000000da600000)
  to   space 9216K, 0% used [0x00000000d9400000,0x00000000d9400000,0x00000000d9d00000)
 ParOldGen       total 55296K, used 7824K [0x0000000081c00000, 0x0000000085200000, 0x00000000d5f00000)
  object space 55296K, 14% used [0x0000000081c00000,0x00000000823a4108,0x0000000085200000)
 Metaspace       used 27999K, capacity 28814K, committed 28928K, reserved 1075200K
  class space    used 3613K, capacity 3805K, committed 3840K, reserved 1048576K
GC Heap History (10 events):
Event: 5.810 GC heap before
{Heap before GC invocations=3 (full 0):
 PSYoungGen      total 38400K, used 38377K [0x00000000d5f00000, 0x00000000daa00000, 0x0000000100000000)
  eden space 33280K, 100% used [0x00000000d5f00000,0x00000000d7f80000,0x00000000d7f80000)
  from space 5120K, 99% used [0x00000000d8480000,0x00000000d897a408,0x00000000d8980000)
  to   space 5120K, 0% used [0x00000000d7f80000,0x00000000d7f80000,0x00000000d8480000)
 ParOldGen       total 87552K, used 814K [0x0000000081c00000, 0x0000000087180000, 0x00000000d5f00000)
  object space 87552K, 0% used [0x0000000081c00000,0x0000000081ccba70,0x0000000087180000)
 Metaspace       used 17013K, capacity 17556K, committed 17792K, reserved 1064960K
  class space    used 2226K, capacity 2356K, committed 2432K, reserved 1048576K
Event: 5.820 GC heap after
Heap after GC invocations=3 (full 0):
 PSYoungGen      total 38400K, used 5115K [0x00000000d5f00000, 0x00000000d8980000, 0x0000000100000000)
  eden space 33280K, 0% used [0x00000000d5f00000,0x00000000d5f00000,0x00000000d7f80000)
  from space 5120K, 99% used [0x00000000d7f80000,0x00000000d847ecc0,0x00000000d8480000)
  to   space 5120K, 0% used [0x00000000d8480000,0x00000000d8480000,0x00000000d8980000)
 ParOldGen       total 87552K, used 2302K [0x0000000081c00000, 0x0000000087180000, 0x00000000d5f00000)
  object space 87552K, 2% used [0x0000000081c00000,0x0000000081e3f9a0,0x0000000087180000)
 Metaspace       used 17013K, capacity 17556K, committed 17792K, reserved 1064960K
  class space    used 2226K, capacity 2356K, committed 2432K, reserved 1048576K
}
Event: 6.730 GC heap before
{Heap before GC invocations=4 (full 0):
 PSYoungGen      total 38400K, used 31804K [0x00000000d5f00000, 0x00000000d8980000, 0x0000000100000000)
  eden space 33280K, 80% used [0x00000000d5f00000,0x00000000d7910730,0x00000000d7f80000)
  from space 5120K, 99% used [0x00000000d7f80000,0x00000000d847ecc0,0x00000000d8480000)
  to   space 5120K, 0% used [0x00000000d8480000,0x00000000d8480000,0x00000000d8980000)
 ParOldGen       total 87552K, used 2302K [0x0000000081c00000, 0x0000000087180000, 0x00000000d5f00000)
  object space 87552K, 2% used [0x0000000081c00000,0x0000000081e3f9a0,0x0000000087180000)
 Metaspace       used 20600K, capacity 21170K, committed 21248K, reserved 1067008K
  class space    used 2647K, capacity 2807K, committed 2816K, reserved 1048576K
Event: 6.826 GC heap after
Heap after GC invocations=4 (full 0):
 PSYoungGen      total 38400K, used 5090K [0x00000000d5f00000, 0x00000000daa00000, 0x0000000100000000)
  eden space 33280K, 0% used [0x00000000d5f00000,0x00000000d5f00000,0x00000000d7f80000)
  from space 5120K, 99% used [0x00000000d8480000,0x00000000d89789a0,0x00000000d8980000)
  to   space 5120K, 0% used [0x00000000d7f80000,0x00000000d7f80000,0x00000000d8480000)
 ParOldGen       total 87552K, used 5099K [0x0000000081c00000, 0x0000000087180000, 0x00000000d5f00000)
  object space 87552K, 5% used [0x0000000081c00000,0x00000000820fad90,0x0000000087180000)
 Metaspace       used 20600K, capacity 21170K, committed 21248K, reserved 1067008K
  class space    used 2647K, capacity 2807K, committed 2816K, reserved 1048576K
}
Event: 6.826 GC heap before
{Heap before GC invocations=5 (full 1):
 PSYoungGen      total 38400K, used 5090K [0x00000000d5f00000, 0x00000000daa00000, 0x0000000100000000)
  eden space 33280K, 0% used [0x00000000d5f00000,0x00000000d5f00000,0x00000000d7f80000)
  from space 5120K, 99% used [0x00000000d8480000,0x00000000d89789a0,0x00000000d8980000)
  to   space 5120K, 0% used [0x00000000d7f80000,0x00000000d7f80000,0x00000000d8480000)
 ParOldGen       total 87552K, used 5099K [0x0000000081c00000, 0x0000000087180000, 0x00000000d5f00000)
  object space 87552K, 5% used [0x0000000081c00000,0x00000000820fad90,0x0000000087180000)
 Metaspace       used 20600K, capacity 21170K, committed 21248K, reserved 1067008K
  class space    used 2647K, capacity 2807K, committed 2816K, reserved 1048576K
Event: 6.926 GC heap after
Heap after GC invocations=5 (full 1):
 PSYoungGen      total 38400K, used 0K [0x00000000d5f00000, 0x00000000daa00000, 0x0000000100000000)
  eden space 33280K, 0% used [0x00000000d5f00000,0x00000000d5f00000,0x00000000d7f80000)
  from space 5120K, 0% used [0x00000000d8480000,0x00000000d8480000,0x00000000d8980000)
  to   space 5120K, 0% used [0x00000000d7f80000,0x00000000d7f80000,0x00000000d8480000)
 ParOldGen       total 55296K, used 7744K [0x0000000081c00000, 0x0000000085200000, 0x00000000d5f00000)
  object space 55296K, 14% used [0x0000000081c00000,0x00000000823900f8,0x0000000085200000)
 Metaspace       used 20600K, capacity 21170K, committed 21248K, reserved 1067008K
  class space    used 2647K, capacity 2807K, committed 2816K, reserved 1048576K
}
Event: 7.055 GC heap before
{Heap before GC invocations=6 (full 1):
 PSYoungGen      total 38400K, used 33280K [0x00000000d5f00000, 0x00000000daa00000, 0x0000000100000000)
  eden space 33280K, 100% used [0x00000000d5f00000,0x00000000d7f80000,0x00000000d7f80000)
  from space 5120K, 0% used [0x00000000d8480000,0x00000000d8480000,0x00000000d8980000)
  to   space 5120K, 0% used [0x00000000d7f80000,0x00000000d7f80000,0x00000000d8480000)
 ParOldGen       total 55296K, used 7744K [0x0000000081c00000, 0x0000000085200000, 0x00000000d5f00000)
  object space 55296K, 14% used [0x0000000081c00000,0x00000000823900f8,0x0000000085200000)
 Metaspace       used 21223K, capacity 21816K, committed 22144K, reserved 1069056K
  class space    used 2715K, capacity 2872K, committed 2944K, reserved 1048576K
Event: 7.059 GC heap after
Heap after GC invocations=6 (full 1):
 PSYoungGen      total 38400K, used 854K [0x00000000d5f00000, 0x00000000da800000, 0x0000000100000000)
  eden space 33280K, 0% used [0x00000000d5f00000,0x00000000d5f00000,0x00000000d7f80000)
  from space 5120K, 16% used [0x00000000d7f80000,0x00000000d8055a68,0x00000000d8480000)
  to   space 9728K, 0% used [0x00000000d9e80000,0x00000000d9e80000,0x00000000da800000)
 ParOldGen       total 55296K, used 7752K [0x0000000081c00000, 0x0000000085200000, 0x00000000d5f00000)
  object space 55296K, 14% used [0x0000000081c00000,0x00000000823920f8,0x0000000085200000)
 Metaspace       used 21223K, capacity 21816K, committed 22144K, reserved 1069056K
  class space    used 2715K, capacity 2872K, committed 2944K, reserved 1048576K
}
Event: 7.683 GC heap before
{Heap before GC invocations=7 (full 1):
 PSYoungGen      total 38400K, used 34134K [0x00000000d5f00000, 0x00000000da800000, 0x0000000100000000)
  eden space 33280K, 100% used [0x00000000d5f00000,0x00000000d7f80000,0x00000000d7f80000)
  from space 5120K, 16% used [0x00000000d7f80000,0x00000000d8055a68,0x00000000d8480000)
  to   space 9728K, 0% used [0x00000000d9e80000,0x00000000d9e80000,0x00000000da800000)
 ParOldGen       total 55296K, used 7752K [0x0000000081c00000, 0x0000000085200000, 0x00000000d5f00000)
  object space 55296K, 14% used [0x0000000081c00000,0x00000000823920f8,0x0000000085200000)
 Metaspace       used 24615K, capacity 25338K, committed 25472K, reserved 1071104K
  class space    used 3159K, capacity 3341K, committed 3456K, reserved 1048576K
Event: 7.691 GC heap after
Heap after GC invocations=7 (full 1):
 PSYoungGen      total 61952K, used 4403K [0x00000000d5f00000, 0x00000000da600000, 0x0000000100000000)
  eden space 54272K, 0% used [0x00000000d5f00000,0x00000000d5f00000,0x00000000d9400000)
  from space 7680K, 57% used [0x00000000d9e80000,0x00000000da2ccde0,0x00000000da600000)
  to   space 9216K, 0% used [0x00000000d9400000,0x00000000d9400000,0x00000000d9d00000)
 ParOldGen       total 55296K, used 7824K [0x0000000081c00000, 0x0000000085200000, 0x00000000d5f00000)
  object space 55296K, 14% used [0x0000000081c00000,0x00000000823a4108,0x0000000085200000)
 Metaspace       used 24615K, capacity 25338K, committed 25472K, reserved 1071104K
  class space    used 3159K, capacity 3341K, committed 3456K, reserved 1048576K
}

