# JRE version: Java(TM) SE Runtime Environment (8.0_111-b14) (build 1.8.0_111-b14)
# Java VM: Java HotSpot(TM) 64-Bit Server VM (25.111-b14 mixed mode windows-amd64 compressed oops)
Heap:
 PSYoungGen      total 230912K, used 187945K [0x00000000d5f00000, 0x00000000e5980000, 0x0000000100000000)
  eden space 218624K, 85% used [0x00000000d5f00000,0x00000000e168a428,0x00000000e3480000)
  from space 12288K, 0% used [0x00000000e4200000,0x00000000e4200000,0x00000000e4e00000)
  to   space 13824K, 0% used [0x00000000e3480000,0x00000000e3480000,0x00000000e4200000)
 ParOldGen       total 72704K, used 17226K [0x0000000081c00000, 0x0000000086300000, 0x00000000d5f00000)
  object space 72704K, 23% used [0x0000000081c00000,0x0000000082cd2ae0,0x0000000086300000)
 Metaspace       used 47200K, capacity 49008K, committed 49240K, reserved 1093632K
  class space    used 6345K, capacity 6694K, committed 6744K, reserved 1048576K
GC Heap History (10 events):
Event: 4.279 GC heap before
{Heap before GC invocations=6 (full 1):
 PSYoungGen      total 71680K, used 5091K [0x00000000d5f00000, 0x00000000df200000, 0x0000000100000000)
  eden space 66560K, 0% used [0x00000000d5f00000,0x00000000d5f00000,0x00000000da000000)
  from space 5120K, 99% used [0x00000000da000000,0x00000000da4f8e18,0x00000000da500000)
  to   space 8704K, 0% used [0x00000000de980000,0x00000000de980000,0x00000000df200000)
 ParOldGen       total 87552K, used 4635K [0x0000000081c00000, 0x0000000087180000, 0x00000000d5f00000)
  object space 87552K, 5% used [0x0000000081c00000,0x0000000082086cb0,0x0000000087180000)
 Metaspace       used 20598K, capacity 21150K, committed 21248K, reserved 1067008K
  class space    used 2650K, capacity 2801K, committed 2816K, reserved 1048576K
Event: 4.326 GC heap after
Heap after GC invocations=6 (full 1):
 PSYoungGen      total 71680K, used 0K [0x00000000d5f00000, 0x00000000df200000, 0x0000000100000000)
  eden space 66560K, 0% used [0x00000000d5f00000,0x00000000d5f00000,0x00000000da000000)
  from space 5120K, 0% used [0x00000000da000000,0x00000000da000000,0x00000000da500000)
  to   space 8704K, 0% used [0x00000000de980000,0x00000000de980000,0x00000000df200000)
 ParOldGen       total 47616K, used 5231K [0x0000000081c00000, 0x0000000084a80000, 0x00000000d5f00000)
  object space 47616K, 10% used [0x0000000081c00000,0x000000008211bd98,0x0000000084a80000)
 Metaspace       used 20598K, capacity 21150K, committed 21248K, reserved 1067008K
  class space    used 2650K, capacity 2801K, committed 2816K, reserved 1048576K
}
Event: 5.585 GC heap before
{Heap before GC invocations=7 (full 1):
 PSYoungGen      total 71680K, used 66560K [0x00000000d5f00000, 0x00000000df200000, 0x0000000100000000)
  eden space 66560K, 100% used [0x00000000d5f00000,0x00000000da000000,0x00000000da000000)
  from space 5120K, 0% used [0x00000000da000000,0x00000000da000000,0x00000000da500000)
  to   space 8704K, 0% used [0x00000000de980000,0x00000000de980000,0x00000000df200000)
 ParOldGen       total 47616K, used 5231K [0x0000000081c00000, 0x0000000084a80000, 0x00000000d5f00000)
  object space 47616K, 10% used [0x0000000081c00000,0x000000008211bd98,0x0000000084a80000)
 Metaspace       used 24530K, capacity 25250K, committed 25472K, reserved 1071104K
  class space    used 3160K, capacity 3339K, committed 3456K, reserved 1048576K
Event: 5.661 GC heap after
Heap after GC invocations=7 (full 1):
 PSYoungGen      total 126976K, used 4441K [0x00000000d5f00000, 0x00000000dee00000, 0x0000000100000000)
  eden space 122368K, 0% used [0x00000000d5f00000,0x00000000d5f00000,0x00000000dd680000)
  from space 4608K, 96% used [0x00000000de980000,0x00000000dedd6498,0x00000000dee00000)
  to   space 8704K, 0% used [0x00000000ddd00000,0x00000000ddd00000,0x00000000de580000)
 ParOldGen       total 47616K, used 5239K [0x0000000081c00000, 0x0000000084a80000, 0x00000000d5f00000)
  object space 47616K, 11% used [0x0000000081c00000,0x000000008211dd98,0x0000000084a80000)
 Metaspace       used 24530K, capacity 25250K, committed 25472K, reserved 1071104K
  class space    used 3160K, capacity 3339K, committed 3456K, reserved 1048576K
}
Event: 7.789 GC heap before
{Heap before GC invocations=8 (full 1):
 PSYoungGen      total 126976K, used 126809K [0x00000000d5f00000, 0x00000000dee00000, 0x0000000100000000)
  eden space 122368K, 100% used [0x00000000d5f00000,0x00000000dd680000,0x00000000dd680000)
  from space 4608K, 96% used [0x00000000de980000,0x00000000dedd6498,0x00000000dee00000)
  to   space 8704K, 0% used [0x00000000ddd00000,0x00000000ddd00000,0x00000000de580000)
 ParOldGen       total 47616K, used 5239K [0x0000000081c00000, 0x0000000084a80000, 0x00000000d5f00000)
  object space 47616K, 11% used [0x0000000081c00000,0x000000008211dd98,0x0000000084a80000)
 Metaspace       used 31231K, capacity 32372K, committed 32640K, reserved 1077248K
  class space    used 4099K, capacity 4358K, committed 4480K, reserved 1048576K
Event: 7.809 GC heap after
Heap after GC invocations=8 (full 1):
 PSYoungGen      total 137728K, used 8690K [0x00000000d5f00000, 0x00000000e4e00000, 0x0000000100000000)
  eden space 129024K, 0% used [0x00000000d5f00000,0x00000000d5f00000,0x00000000ddd00000)
  from space 8704K, 99% used [0x00000000ddd00000,0x00000000de57c898,0x00000000de580000)
  to   space 12288K, 0% used [0x00000000e4200000,0x00000000e4200000,0x00000000e4e00000)
 ParOldGen       total 47616K, used 10841K [0x0000000081c00000, 0x0000000084a80000, 0x00000000d5f00000)
  object space 47616K, 22% used [0x0000000081c00000,0x00000000826965f0,0x0000000084a80000)
 Metaspace       used 31231K, capacity 32372K, committed 32640K, reserved 1077248K
  class space    used 4099K, capacity 4358K, committed 4480K, reserved 1048576K
}
Event: 8.384 GC heap before
{Heap before GC invocations=9 (full 1):
 PSYoungGen      total 137728K, used 37430K [0x00000000d5f00000, 0x00000000e4e00000, 0x0000000100000000)
  eden space 129024K, 22% used [0x00000000d5f00000,0x00000000d7b11318,0x00000000ddd00000)
  from space 8704K, 99% used [0x00000000ddd00000,0x00000000de57c898,0x00000000de580000)
  to   space 12288K, 0% used [0x00000000e4200000,0x00000000e4200000,0x00000000e4e00000)
 ParOldGen       total 47616K, used 10841K [0x0000000081c00000, 0x0000000084a80000, 0x00000000d5f00000)
  object space 47616K, 22% used [0x0000000081c00000,0x00000000826965f0,0x0000000084a80000)
 Metaspace       used 34101K, capacity 35276K, committed 35416K, reserved 1079296K
  class space    used 4397K, capacity 4632K, committed 4696K, reserved 1048576K
Event: 8.397 GC heap after
Heap after GC invocations=9 (full 1):
 PSYoungGen      total 230912K, used 11277K [0x00000000d5f00000, 0x00000000e5980000, 0x0000000100000000)
  eden space 218624K, 0% used [0x00000000d5f00000,0x00000000d5f00000,0x00000000e3480000)
  from space 12288K, 91% used [0x00000000e4200000,0x00000000e4d034c8,0x00000000e4e00000)
  to   space 13824K, 0% used [0x00000000e3480000,0x00000000e3480000,0x00000000e4200000)
 ParOldGen       total 47616K, used 10913K [0x0000000081c00000, 0x0000000084a80000, 0x00000000d5f00000)
  object space 47616K, 22% used [0x0000000081c00000,0x00000000826a8600,0x0000000084a80000)
 Metaspace       used 34101K, capacity 35276K, committed 35416K, reserved 1079296K
  class space    used 4397K, capacity 4632K, committed 4696K, reserved 1048576K
}
Event: 8.397 GC heap before
{Heap before GC invocations=10 (full 2):
 PSYoungGen      total 230912K, used 11277K [0x00000000d5f00000, 0x00000000e5980000, 0x0000000100000000)
  eden space 218624K, 0% used [0x00000000d5f00000,0x00000000d5f00000,0x00000000e3480000)
  from space 12288K, 91% used [0x00000000e4200000,0x00000000e4d034c8,0x00000000e4e00000)
  to   space 13824K, 0% used [0x00000000e3480000,0x00000000e3480000,0x00000000e4200000)
 ParOldGen       total 47616K, used 10913K [0x0000000081c00000, 0x0000000084a80000, 0x00000000d5f00000)
  object space 47616K, 22% used [0x0000000081c00000,0x00000000826a8600,0x0000000084a80000)
 Metaspace       used 34101K, capacity 35276K, committed 35416K, reserved 1079296K
  class space    used 4397K, capacity 4632K, committed 4696K, reserved 1048576K
Event: 8.462 GC heap after
Heap after GC invocations=10 (full 2):
 PSYoungGen      total 230912K, used 0K [0x00000000d5f00000, 0x00000000e5980000, 0x0000000100000000)
  eden space 218624K, 0% used [0x00000000d5f00000,0x00000000d5f00000,0x00000000e3480000)
  from space 12288K, 0% used [0x00000000e4200000,0x00000000e4200000,0x00000000e4e00000)
  to   space 13824K, 0% used [0x00000000e3480000,0x00000000e3480000,0x00000000e4200000)
 ParOldGen       total 72704K, used 17226K [0x0000000081c00000, 0x0000000086300000, 0x00000000d5f00000)
  object space 72704K, 23% used [0x0000000081c00000,0x0000000082cd2ae0,0x0000000086300000)
 Metaspace       used 34101K, capacity 35276K, committed 35416K, reserved 1079296K
  class space    used 4397K, capacity 4632K, committed 4696K, reserved 1048576K
}

